13/04/2020 21:12:11: User navid Logged In.
13/04/2020 21:12:18: User navid downloaded mail.py
13/04/2020 21:11:52: Command socket created!
13/04/2020 21:11:52: Data socket created!
13/04/2020 21:12:00: Connected! host: 127.0.0.1 port: 49040
13/04/2020 21:16:16: Command socket created!
13/04/2020 21:16:16: Data socket created!
13/04/2020 21:16:19: Connected! host: 127.0.0.1 port: 49168
13/04/2020 21:17:09: Command socket created!
13/04/2020 21:17:09: Data socket created!
13/04/2020 21:17:12: Connected! host: 127.0.0.1 port: 49182
13/04/2020 21:21:33: Command socket created!
13/04/2020 21:21:33: Data socket created!
13/04/2020 21:21:35: Connected! host: 127.0.0.1 port: 49244
13/04/2020 21:22:51: Connected! host: 127.0.0.1 port: 49254
13/04/2020 21:25:26: Command socket created!
13/04/2020 21:25:26: Data socket created!
13/04/2020 21:25:28: Connected! host: 127.0.0.1 port: 49292
13/04/2020 21:26:50: User navid Logged In.
13/04/2020 21:26:57: User navid exited.
13/04/2020 21:26:26: Command socket created!
13/04/2020 21:26:26: Data socket created!
13/04/2020 21:26:29: Connected! host: 127.0.0.1 port: 49318
13/04/2020 21:27:59: Command socket created!
13/04/2020 21:27:59: Data socket created!
13/04/2020 21:28:01: Connected! host: 127.0.0.1 port: 49334
13/04/2020 21:28:32: Connected! host: 127.0.0.1 port: 49346
13/04/2020 21:28:58: User navid Logged In.
13/04/2020 21:29:06: User navid downloaded mail.py
13/04/2020 21:29:09: User navid exited.
13/04/2020 21:30:02: User navid Logged In.
13/04/2020 21:28:49: Command socket created!
13/04/2020 21:28:49: Data socket created!
13/04/2020 21:28:51: Connected! host: 127.0.0.1 port: 49354
13/04/2020 21:31:14: User navid Logged In.
13/04/2020 21:31:23: User navid downloaded mail.py
13/04/2020 21:31:00: Command socket created!
13/04/2020 21:31:00: Data socket created!
13/04/2020 21:31:04: Connected! host: 127.0.0.1 port: 49376
13/04/2020 21:32:16: User navid Logged In.
13/04/2020 21:32:20: User navid downloaded mail.py
13/04/2020 21:32:26: User navid exited.
13/04/2020 21:32:48: User navid Logged In.
13/04/2020 21:32:55: User navid downloaded mail.py
13/04/2020 21:32:57: User navid exited.
13/04/2020 21:32:02: Command socket created!
13/04/2020 21:32:02: Data socket created!
13/04/2020 21:32:06: Connected! host: 127.0.0.1 port: 49394
13/04/2020 21:33:32: Connected! host: 127.0.0.1 port: 49410
13/04/2020 21:35:41: Command socket created!
13/04/2020 21:35:41: Data socket created!
13/04/2020 21:35:43: Connected! host: 127.0.0.1 port: 49446
13/04/2020 23:07:44: Command socket created!
13/04/2020 23:07:44: Data socket created!
13/04/2020 23:08:09: Command socket created!
13/04/2020 23:08:09: Data socket created!
13/04/2020 23:09:54: User navid Logged In.
13/04/2020 23:09:57: User navid visited list of files.
13/04/2020 23:11:58: Command socket created!
13/04/2020 23:11:58: Data socket created!
13/04/2020 23:12:19: Command socket created!
13/04/2020 23:12:19: Data socket created!
13/04/2020 23:24:33: Command socket created!
13/04/2020 23:24:33: Data socket created!
13/04/2020 23:24:47: Command socket created!
13/04/2020 23:24:47: Data socket created!
13/04/2020 23:25:09: Command socket created!
13/04/2020 23:25:09: Data socket created!
13/04/2020 23:25:35: Command socket created!
13/04/2020 23:25:35: Data socket created!
13/04/2020 23:25:48: Command socket created!
13/04/2020 23:25:48: Data socket created!
13/04/2020 23:26:39: Command socket created!
13/04/2020 23:26:39: Data socket created!
13/04/2020 23:27:03: Command socket created!
13/04/2020 23:27:03: Data socket created!
13/04/2020 23:27:52: Command socket created!
13/04/2020 23:27:52: Data socket created!
13/04/2020 23:28:07: Command socket created!
13/04/2020 23:28:07: Data socket created!
13/04/2020 23:28:34: Command socket created!
13/04/2020 23:28:34: Data socket created!
13/04/2020 23:28:48: Command socket created!
13/04/2020 23:28:48: Data socket created!
13/04/2020 23:34:27: User navid Logged In.
13/04/2020 23:34:17: Command socket created!
13/04/2020 23:34:17: Data socket created!
13/04/2020 23:34:21: Connected! host: 127.0.0.1 port: 52278
13/04/2020 23:35:21: User navid Logged In.
13/04/2020 23:35:38: User navid exited.
13/04/2020 23:35:46: User farzad Logged In.
13/04/2020 23:35:54: User farzad created example.png file.
13/04/2020 23:35:13: Command socket created!
13/04/2020 23:35:13: Data socket created!
13/04/2020 23:35:15: Connected! host: 127.0.0.1 port: 52298
13/04/2020 23:37:43: User farzad Logged In.
13/04/2020 23:37:52: User farzad created example.png file.
13/04/2020 23:38:14: User farzad deleted example.png file.
13/04/2020 23:38:17: User farzad exited.
13/04/2020 23:38:52: User farzad Logged In.
13/04/2020 23:39:01: User farzad created example.png file.
13/04/2020 23:39:04: User farzad exited.
13/04/2020 23:39:10: User navid Logged In.
13/04/2020 23:37:32: Command socket created!
13/04/2020 23:37:32: Data socket created!
13/04/2020 23:37:34: Connected! host: 127.0.0.1 port: 52346
13/04/2020 23:39:53: User navid Logged In.
13/04/2020 23:40:02: User navid deleted example.png file.
13/04/2020 23:39:44: Command socket created!
13/04/2020 23:39:44: Data socket created!
13/04/2020 23:39:45: Connected! host: 127.0.0.1 port: 52378
13/04/2020 23:40:59: User navid Logged In.
13/04/2020 23:41:05: User navid deleted example.png file.
13/04/2020 23:40:50: Command socket created!
13/04/2020 23:40:50: Data socket created!
13/04/2020 23:40:52: Connected! host: 127.0.0.1 port: 52398
13/04/2020 23:42:12: Connected! host: 127.0.0.1 port: 52420
13/04/2020 23:42:36: User navid Logged In.
13/04/2020 23:42:45: User navid deleted example.png file.
13/04/2020 23:44:50: Command socket created!
13/04/2020 23:44:50: Data socket created!
13/04/2020 23:44:53: Connected! host: 127.0.0.1 port: 52476
13/04/2020 23:45:23: User navid Logged In.
13/04/2020 23:45:39: User navid deleted example.png file.
13/04/2020 23:46:46: User navid Logged In.
13/04/2020 23:46:55: User navid deleted example.png file.
13/04/2020 23:48:07: Command socket created!
13/04/2020 23:48:07: Data socket created!
13/04/2020 23:48:27: Command socket created!
13/04/2020 23:48:27: Data socket created!
13/04/2020 23:49:28: Command socket created!
13/04/2020 23:49:28: Data socket created!
13/04/2020 23:50:02: Command socket created!
13/04/2020 23:50:02: Data socket created!
13/04/2020 23:50:22: Command socket created!
13/04/2020 23:50:22: Data socket created!
13/04/2020 23:52:18: Command socket created!
13/04/2020 23:52:18: Data socket created!
13/04/2020 23:53:03: User farzad Logged In.
13/04/2020 23:53:14: User farzad created example.png file.
13/04/2020 23:53:18: User farzad exited.
13/04/2020 23:53:37: User navid Logged In.
13/04/2020 23:53:42: User navid deleted example.png file.
13/04/2020 23:52:51: Command socket created!
13/04/2020 23:52:51: Data socket created!
13/04/2020 23:52:54: Connected! host: 127.0.0.1 port: 52636
13/04/2020 23:54:41: User farzad Logged In.
13/04/2020 23:54:51: User farzad created example.png file.
13/04/2020 23:54:54: User farzad exited.
13/04/2020 23:55:00: User navid Logged In.
13/04/2020 23:55:05: User navid deleted example.png file.
13/04/2020 23:55:44: User navid Logged In.
13/04/2020 23:56:22: User navid Logged In.
13/04/2020 23:56:38: User navid exited.
13/04/2020 23:55:27: Command socket created!
13/04/2020 23:55:27: Data socket created!
13/04/2020 23:55:30: Connected! host: 127.0.0.1 port: 52690
13/04/2020 23:56:10: Connected! host: 127.0.0.1 port: 52698
14/04/2020 00:12:49: User navid Logged In.
14/04/2020 00:12:58: User navid exited.
14/04/2020 00:13:19: User farzad Logged In.
14/04/2020 00:13:25: User farzad downloaded example.png
14/04/2020 00:13:29: User farzad exited.
17/04/2020 23:11:54: Help command requested.
22/07/2020 12:27:24: Command socket created!
22/07/2020 12:27:24: Data socket created!
22/07/2020 12:27:32: Connected! host: 127.0.0.1 port: 57498
22/07/2020 13:00:14: User navid Logged In.
22/07/2020 13:00:18: User navid visited working directory.
22/07/2020 13:00:25: User navid created folder
22/07/2020 13:00:34: User navid created file.txt file.
22/07/2020 13:00:48: User navid visited list of files.
22/07/2020 13:01:00: User navid deleted file.txt file.
22/07/2020 13:01:11: User navid deleted folder
22/07/2020 13:01:15: User navid visited list of files.
22/07/2020 13:01:31: User navid visited list of files.
22/07/2020 13:01:49: User navid changed directory.
22/07/2020 13:02:11: User navid visited list of files.
22/07/2020 13:02:57: User navid downloaded bbb.txt
